# JRE version: Java(TM) SE Runtime Environment (20.0+36) (build 20+36-2344)
# Java VM: Java HotSpot(TM) 64-Bit Server VM (20+36-2344, mixed mode, sharing, tiered, compressed oops, compressed class ptrs, g1 gc, windows-amd64)
GC Precious Log:
 CardTable entry size: 512
 Card Set container configuration: InlinePtr #cards 5 size 8 Array Of Cards #cards 12 size 40 Howl #buckets 4 coarsen threshold 1843 Howl Bitmap #cards 512 size 80 coarsen threshold 460 Card regions per heap region 1 cards per card region 2048
 CPUs: 8 total, 8 available
 Memory: 8084M
 Large Page Support: Disabled
 NUMA Support: Disabled
 Compressed Oops: Enabled (32-bit)
 Heap Region Size: 1M
 Heap Min Capacity: 8M
 Heap Initial Capacity: 8M
 Heap Max Capacity: 2022M
 Pre-touch: Disabled
 Parallel Workers: 8
 Concurrent Workers: 2
 Concurrent Refinement Workers: 8
 Periodic GC: Disabled
Heap:
 garbage-first heap   total 14336K, used 6322K [0x0000000081a00000, 0x0000000100000000)
  region size 1024K, 2 young (2048K), 1 survivors (1024K)
 Metaspace       used 9237K, committed 9408K, reserved 1114112K
  class space    used 1017K, committed 1088K, reserved 1048576K
GC Heap History (20 events):
Event: 0.323 GC heap before
{Heap before GC invocations=0 (full 0):
 garbage-first heap   total 8192K, used 3072K [0x0000000081a00000, 0x0000000100000000)
  region size 1024K, 3 young (3072K), 0 survivors (0K)
 Metaspace       used 2308K, committed 2432K, reserved 1114112K
  class space    used 260K, committed 320K, reserved 1048576K
}
Event: 0.327 GC heap after
{Heap after GC invocations=1 (full 0):
 garbage-first heap   total 8192K, used 1312K [0x0000000081a00000, 0x0000000100000000)
  region size 1024K, 1 young (1024K), 1 survivors (1024K)
 Metaspace       used 2308K, committed 2432K, reserved 1114112K
  class space    used 260K, committed 320K, reserved 1048576K
}
Event: 0.411 GC heap before
{Heap before GC invocations=1 (full 0):
 garbage-first heap   total 8192K, used 2336K [0x0000000081a00000, 0x0000000100000000)
  region size 1024K, 2 young (2048K), 1 survivors (1024K)
 Metaspace       used 3728K, committed 3968K, reserved 1114112K
  class space    used 447K, committed 576K, reserved 1048576K
}
Event: 0.415 GC heap after
{Heap after GC invocations=2 (full 0):
 garbage-first heap   total 8192K, used 1928K [0x0000000081a00000, 0x0000000100000000)
  region size 1024K, 1 young (1024K), 1 survivors (1024K)
 Metaspace       used 3728K, committed 3968K, reserved 1114112K
  class space    used 447K, committed 576K, reserved 1048576K
}
Event: 0.528 GC heap before
{Heap before GC invocations=2 (full 0):
 garbage-first heap   total 8192K, used 2952K [0x0000000081a00000, 0x0000000100000000)
  region size 1024K, 2 young (2048K), 1 survivors (1024K)
 Metaspace       used 6053K, committed 6208K, reserved 1114112K
  class space    used 702K, committed 768K, reserved 1048576K
}
Event: 0.530 GC heap after
{Heap after GC invocations=3 (full 0):
 garbage-first heap   total 8192K, used 2292K [0x0000000081a00000, 0x0000000100000000)
  region size 1024K, 1 young (1024K), 1 survivors (1024K)
 Metaspace       used 6053K, committed 6208K, reserved 1114112K
  class space    used 702K, committed 768K, reserved 1048576K
}
Event: 0.632 GC heap before
{Heap before GC invocations=3 (full 0):
 garbage-first heap   total 8192K, used 2292K [0x0000000081a00000, 0x0000000100000000)
  region size 1024K, 2 young (2048K), 1 survivors (1024K)
 Metaspace       used 7292K, committed 7488K, reserved 1114112K
  class space    used 848K, committed 896K, reserved 1048576K
}
Event: 0.635 GC heap after
{Heap after GC invocations=4 (full 0):
 garbage-first heap   total 8192K, used 2739K [0x0000000081a00000, 0x0000000100000000)
  region size 1024K, 1 young (1024K), 1 survivors (1024K)
 Metaspace       used 7292K, committed 7488K, reserved 1114112K
  class space    used 848K, committed 896K, reserved 1048576K
}
Event: 0.740 GC heap before
{Heap before GC invocations=4 (full 0):
 garbage-first heap   total 8192K, used 3763K [0x0000000081a00000, 0x0000000100000000)
  region size 1024K, 2 young (2048K), 1 survivors (1024K)
 Metaspace       used 7876K, committed 8064K, reserved 1114112K
  class space    used 871K, committed 960K, reserved 1048576K
}
Event: 0.744 GC heap after
{Heap after GC invocations=5 (full 0):
 garbage-first heap   total 10240K, used 3174K [0x0000000081a00000, 0x0000000100000000)
  region size 1024K, 1 young (1024K), 1 survivors (1024K)
 Metaspace       used 7876K, committed 8064K, reserved 1114112K
  class space    used 871K, committed 960K, reserved 1048576K
}
Event: 0.827 GC heap before
{Heap before GC invocations=5 (full 0):
 garbage-first heap   total 10240K, used 5222K [0x0000000081a00000, 0x0000000100000000)
  region size 1024K, 3 young (3072K), 1 survivors (1024K)
 Metaspace       used 7923K, committed 8064K, reserved 1114112K
  class space    used 873K, committed 960K, reserved 1048576K
}
Event: 0.831 GC heap after
{Heap after GC invocations=6 (full 0):
 garbage-first heap   total 10240K, used 3566K [0x0000000081a00000, 0x0000000100000000)
  region size 1024K, 1 young (1024K), 1 survivors (1024K)
 Metaspace       used 7923K, committed 8064K, reserved 1114112K
  class space    used 873K, committed 960K, reserved 1048576K
}
Event: 1.014 GC heap before
{Heap before GC invocations=6 (full 0):
 garbage-first heap   total 10240K, used 5614K [0x0000000081a00000, 0x0000000100000000)
  region size 1024K, 3 young (3072K), 1 survivors (1024K)
 Metaspace       used 8220K, committed 8448K, reserved 1114112K
  class space    used 899K, committed 1024K, reserved 1048576K
}
Event: 1.020 GC heap after
{Heap after GC invocations=7 (full 0):
 garbage-first heap   total 10240K, used 4209K [0x0000000081a00000, 0x0000000100000000)
  region size 1024K, 1 young (1024K), 1 survivors (1024K)
 Metaspace       used 8220K, committed 8448K, reserved 1114112K
  class space    used 899K, committed 1024K, reserved 1048576K
}
Event: 1.160 GC heap before
{Heap before GC invocations=7 (full 0):
 garbage-first heap   total 10240K, used 6257K [0x0000000081a00000, 0x0000000100000000)
  region size 1024K, 3 young (3072K), 1 survivors (1024K)
 Metaspace       used 8771K, committed 8896K, reserved 1114112K
  class space    used 968K, committed 1024K, reserved 1048576K
}
Event: 1.166 GC heap after
{Heap after GC invocations=8 (full 0):
 garbage-first heap   total 10240K, used 5225K [0x0000000081a00000, 0x0000000100000000)
  region size 1024K, 1 young (1024K), 1 survivors (1024K)
 Metaspace       used 8771K, committed 8896K, reserved 1114112K
  class space    used 968K, committed 1024K, reserved 1048576K
}
Event: 1.242 GC heap before
{Heap before GC invocations=8 (full 0):
 garbage-first heap   total 10240K, used 6249K [0x0000000081a00000, 0x0000000100000000)
  region size 1024K, 2 young (2048K), 1 survivors (1024K)
 Metaspace       used 9002K, committed 9216K, reserved 1114112K
  class space    used 991K, committed 1088K, reserved 1048576K
}
Event: 1.246 GC heap after
{Heap after GC invocations=9 (full 0):
 garbage-first heap   total 14336K, used 5713K [0x0000000081a00000, 0x0000000100000000)
  region size 1024K, 1 young (1024K), 1 survivors (1024K)
 Metaspace       used 9002K, committed 9216K, reserved 1114112K
  class space    used 991K, committed 1088K, reserved 1048576K
}
Event: 1.325 GC heap before
{Heap before GC invocations=10 (full 0):
 garbage-first heap   total 14336K, used 8785K [0x0000000081a00000, 0x0000000100000000)
  region size 1024K, 4 young (4096K), 1 survivors (1024K)
 Metaspace       used 9121K, committed 9344K, reserved 1114112K
  class space    used 1005K, committed 1088K, reserved 1048576K
}
Event: 1.327 GC heap after
{Heap after GC invocations=11 (full 0):
 garbage-first heap   total 14336K, used 5964K [0x0000000081a00000, 0x0000000100000000)
  region size 1024K, 1 young (1024K), 1 survivors (1024K)
 Metaspace       used 9121K, committed 9344K, reserved 1114112K
  class space    used 1005K, committed 1088K, reserved 1048576K
}

