# JRE version: Java(TM) SE Runtime Environment (20.0+36) (build 20+36-2344)
# Java VM: Java HotSpot(TM) 64-Bit Server VM (20+36-2344, mixed mode, sharing, tiered, compressed oops, compressed class ptrs, g1 gc, windows-amd64)
GC Precious Log:
 CardTable entry size: 512
 Card Set container configuration: InlinePtr #cards 5 size 8 Array Of Cards #cards 12 size 40 Howl #buckets 4 coarsen threshold 1843 Howl Bitmap #cards 512 size 80 coarsen threshold 460 Card regions per heap region 1 cards per card region 2048
 CPUs: 8 total, 8 available
 Memory: 8084M
 Large Page Support: Disabled
 NUMA Support: Disabled
 Compressed Oops: Enabled (32-bit)
 Heap Region Size: 1M
 Heap Min Capacity: 8M
 Heap Initial Capacity: 8M
 Heap Max Capacity: 2022M
 Pre-touch: Disabled
 Parallel Workers: 8
 Concurrent Workers: 2
 Concurrent Refinement Workers: 8
 Periodic GC: Disabled
Heap:
 garbage-first heap   total 10240K, used 4990K [0x0000000081a00000, 0x0000000100000000)
  region size 1024K, 1 young (1024K), 1 survivors (1024K)
 Metaspace       used 9076K, committed 9280K, reserved 1114112K
  class space    used 1004K, committed 1088K, reserved 1048576K
GC Heap History (17 events):
Event: 0.208 GC heap before
{Heap before GC invocations=0 (full 0):
 garbage-first heap   total 8192K, used 3072K [0x0000000081a00000, 0x0000000100000000)
  region size 1024K, 3 young (3072K), 0 survivors (0K)
 Metaspace       used 2300K, committed 2432K, reserved 1114112K
  class space    used 260K, committed 320K, reserved 1048576K
}
Event: 0.210 GC heap after
{Heap after GC invocations=1 (full 0):
 garbage-first heap   total 8192K, used 1280K [0x0000000081a00000, 0x0000000100000000)
  region size 1024K, 1 young (1024K), 1 survivors (1024K)
 Metaspace       used 2300K, committed 2432K, reserved 1114112K
  class space    used 260K, committed 320K, reserved 1048576K
}
Event: 0.262 GC heap before
{Heap before GC invocations=1 (full 0):
 garbage-first heap   total 8192K, used 2304K [0x0000000081a00000, 0x0000000100000000)
  region size 1024K, 2 young (2048K), 1 survivors (1024K)
 Metaspace       used 3841K, committed 4096K, reserved 1114112K
  class space    used 460K, committed 576K, reserved 1048576K
}
Event: 0.264 GC heap after
{Heap after GC invocations=2 (full 0):
 garbage-first heap   total 8192K, used 1944K [0x0000000081a00000, 0x0000000100000000)
  region size 1024K, 1 young (1024K), 1 survivors (1024K)
 Metaspace       used 3841K, committed 4096K, reserved 1114112K
  class space    used 460K, committed 576K, reserved 1048576K
}
Event: 0.337 GC heap before
{Heap before GC invocations=2 (full 0):
 garbage-first heap   total 8192K, used 2968K [0x0000000081a00000, 0x0000000100000000)
  region size 1024K, 2 young (2048K), 1 survivors (1024K)
 Metaspace       used 6059K, committed 6208K, reserved 1114112K
  class space    used 704K, committed 768K, reserved 1048576K
}
Event: 0.339 GC heap after
{Heap after GC invocations=3 (full 0):
 garbage-first heap   total 8192K, used 2272K [0x0000000081a00000, 0x0000000100000000)
  region size 1024K, 1 young (1024K), 1 survivors (1024K)
 Metaspace       used 6059K, committed 6208K, reserved 1114112K
  class space    used 704K, committed 768K, reserved 1048576K
}
Event: 0.396 GC heap before
{Heap before GC invocations=3 (full 0):
 garbage-first heap   total 8192K, used 3296K [0x0000000081a00000, 0x0000000100000000)
  region size 1024K, 2 young (2048K), 1 survivors (1024K)
 Metaspace       used 7760K, committed 7936K, reserved 1114112K
  class space    used 871K, committed 960K, reserved 1048576K
}
Event: 0.398 GC heap after
{Heap after GC invocations=4 (full 0):
 garbage-first heap   total 8192K, used 2725K [0x0000000081a00000, 0x0000000100000000)
  region size 1024K, 1 young (1024K), 1 survivors (1024K)
 Metaspace       used 7760K, committed 7936K, reserved 1114112K
  class space    used 871K, committed 960K, reserved 1048576K
}
Event: 0.431 GC heap before
{Heap before GC invocations=4 (full 0):
 garbage-first heap   total 8192K, used 3749K [0x0000000081a00000, 0x0000000100000000)
  region size 1024K, 2 young (2048K), 1 survivors (1024K)
 Metaspace       used 7984K, committed 8128K, reserved 1114112K
  class space    used 889K, committed 960K, reserved 1048576K
}
Event: 0.432 GC heap after
{Heap after GC invocations=5 (full 0):
 garbage-first heap   total 10240K, used 2960K [0x0000000081a00000, 0x0000000100000000)
  region size 1024K, 1 young (1024K), 1 survivors (1024K)
 Metaspace       used 7984K, committed 8128K, reserved 1114112K
  class space    used 889K, committed 960K, reserved 1048576K
}
Event: 0.506 GC heap before
{Heap before GC invocations=5 (full 0):
 garbage-first heap   total 10240K, used 5008K [0x0000000081a00000, 0x0000000100000000)
  region size 1024K, 3 young (3072K), 1 survivors (1024K)
 Metaspace       used 8572K, committed 8768K, reserved 1114112K
  class space    used 953K, committed 1024K, reserved 1048576K
}
Event: 0.509 GC heap after
{Heap after GC invocations=6 (full 0):
 garbage-first heap   total 10240K, used 3808K [0x0000000081a00000, 0x0000000100000000)
  region size 1024K, 1 young (1024K), 1 survivors (1024K)
 Metaspace       used 8572K, committed 8768K, reserved 1114112K
  class space    used 953K, committed 1024K, reserved 1048576K
}
Event: 0.639 GC heap before
{Heap before GC invocations=6 (full 0):
 garbage-first heap   total 10240K, used 5856K [0x0000000081a00000, 0x0000000100000000)
  region size 1024K, 3 young (3072K), 1 survivors (1024K)
 Metaspace       used 9004K, committed 9216K, reserved 1114112K
  class space    used 1004K, committed 1088K, reserved 1048576K
}
Event: 0.645 GC heap after
{Heap after GC invocations=7 (full 0):
 garbage-first heap   total 10240K, used 4662K [0x0000000081a00000, 0x0000000100000000)
  region size 1024K, 1 young (1024K), 1 survivors (1024K)
 Metaspace       used 9004K, committed 9216K, reserved 1114112K
  class space    used 1004K, committed 1088K, reserved 1048576K
}
Event: 0.665 GC heap before
{Heap before GC invocations=7 (full 0):
 garbage-first heap   total 10240K, used 6710K [0x0000000081a00000, 0x0000000100000000)
  region size 1024K, 3 young (3072K), 1 survivors (1024K)
 Metaspace       used 9032K, committed 9216K, reserved 1114112K
  class space    used 1004K, committed 1088K, reserved 1048576K
}
Event: 0.666 GC heap after
{Heap after GC invocations=8 (full 0):
 garbage-first heap   total 10240K, used 4893K [0x0000000081a00000, 0x0000000100000000)
  region size 1024K, 1 young (1024K), 1 survivors (1024K)
 Metaspace       used 9032K, committed 9216K, reserved 1114112K
  class space    used 1004K, committed 1088K, reserved 1048576K
}
Event: 0.697 GC heap before
{Heap before GC invocations=8 (full 0):
 garbage-first heap   total 10240K, used 5917K [0x0000000081a00000, 0x0000000100000000)
  region size 1024K, 2 young (2048K), 1 survivors (1024K)
 Metaspace       used 9076K, committed 9280K, reserved 1114112K
  class space    used 1004K, committed 1088K, reserved 1048576K
}

