# JRE version: Java(TM) SE Runtime Environment (20.0+36) (build 20+36-2344)
# Java VM: Java HotSpot(TM) 64-Bit Server VM (20+36-2344, mixed mode, sharing, tiered, compressed oops, compressed class ptrs, g1 gc, windows-amd64)
GC Precious Log:
 CardTable entry size: 512
 Card Set container configuration: InlinePtr #cards 5 size 8 Array Of Cards #cards 12 size 40 Howl #buckets 4 coarsen threshold 1843 Howl Bitmap #cards 512 size 80 coarsen threshold 460 Card regions per heap region 1 cards per card region 2048
 CPUs: 8 total, 8 available
 Memory: 8084M
 Large Page Support: Disabled
 NUMA Support: Disabled
 Compressed Oops: Enabled (32-bit)
 Heap Region Size: 1M
 Heap Min Capacity: 8M
 Heap Initial Capacity: 8M
 Heap Max Capacity: 2022M
 Pre-touch: Disabled
 Parallel Workers: 8
 Concurrent Workers: 2
 Concurrent Refinement Workers: 8
 Periodic GC: Disabled
Heap:
 garbage-first heap   total 8192K, used 3092K [0x0000000081a00000, 0x0000000100000000)
  region size 1024K, 1 young (1024K), 1 survivors (1024K)
 Metaspace       used 7870K, committed 8064K, reserved 1114112K
  class space    used 874K, committed 960K, reserved 1048576K
GC Heap History (9 events):
Event: 0.162 GC heap before
{Heap before GC invocations=0 (full 0):
 garbage-first heap   total 8192K, used 3072K [0x0000000081a00000, 0x0000000100000000)
  region size 1024K, 3 young (3072K), 0 survivors (0K)
 Metaspace       used 2301K, committed 2432K, reserved 1114112K
  class space    used 260K, committed 320K, reserved 1048576K
}
Event: 0.165 GC heap after
{Heap after GC invocations=1 (full 0):
 garbage-first heap   total 8192K, used 1312K [0x0000000081a00000, 0x0000000100000000)
  region size 1024K, 1 young (1024K), 1 survivors (1024K)
 Metaspace       used 2301K, committed 2432K, reserved 1114112K
  class space    used 260K, committed 320K, reserved 1048576K
}
Event: 0.212 GC heap before
{Heap before GC invocations=1 (full 0):
 garbage-first heap   total 8192K, used 2336K [0x0000000081a00000, 0x0000000100000000)
  region size 1024K, 2 young (2048K), 1 survivors (1024K)
 Metaspace       used 3809K, committed 3968K, reserved 1114112K
  class space    used 459K, committed 576K, reserved 1048576K
}
Event: 0.214 GC heap after
{Heap after GC invocations=2 (full 0):
 garbage-first heap   total 8192K, used 1971K [0x0000000081a00000, 0x0000000100000000)
  region size 1024K, 1 young (1024K), 1 survivors (1024K)
 Metaspace       used 3809K, committed 3968K, reserved 1114112K
  class space    used 459K, committed 576K, reserved 1048576K
}
Event: 0.277 GC heap before
{Heap before GC invocations=2 (full 0):
 garbage-first heap   total 8192K, used 2995K [0x0000000081a00000, 0x0000000100000000)
  region size 1024K, 2 young (2048K), 1 survivors (1024K)
 Metaspace       used 6049K, committed 6208K, reserved 1114112K
  class space    used 704K, committed 768K, reserved 1048576K
}
Event: 0.279 GC heap after
{Heap after GC invocations=3 (full 0):
 garbage-first heap   total 8192K, used 2356K [0x0000000081a00000, 0x0000000100000000)
  region size 1024K, 1 young (1024K), 1 survivors (1024K)
 Metaspace       used 6049K, committed 6208K, reserved 1114112K
  class space    used 704K, committed 768K, reserved 1048576K
}
Event: 0.333 GC heap before
{Heap before GC invocations=3 (full 0):
 garbage-first heap   total 8192K, used 3380K [0x0000000081a00000, 0x0000000100000000)
  region size 1024K, 2 young (2048K), 1 survivors (1024K)
 Metaspace       used 7732K, committed 7936K, reserved 1114112K
  class space    used 870K, committed 960K, reserved 1048576K
}
Event: 0.335 GC heap after
{Heap after GC invocations=4 (full 0):
 garbage-first heap   total 8192K, used 2820K [0x0000000081a00000, 0x0000000100000000)
  region size 1024K, 1 young (1024K), 1 survivors (1024K)
 Metaspace       used 7732K, committed 7936K, reserved 1114112K
  class space    used 870K, committed 960K, reserved 1048576K
}
Event: 0.363 GC heap before
{Heap before GC invocations=4 (full 0):
 garbage-first heap   total 8192K, used 2820K [0x0000000081a00000, 0x0000000100000000)
  region size 1024K, 2 young (2048K), 1 survivors (1024K)
 Metaspace       used 7870K, committed 8064K, reserved 1114112K
  class space    used 874K, committed 960K, reserved 1048576K
}

